E:\LEARNING\TELEDNA\THEATAR_SYSTEM\DEBUG\THEATAR_SYSTEM.EXE
E:\Learning\TeleDNA\Theatar_system\Debug\Theatar_system.exp
E:\LEARNING\TELEDNA\THEATAR_SYSTEM\DEBUG\THEATAR_SYSTEM.ILK
E:\Learning\TeleDNA\Theatar_system\Debug\Theatar_system.lib
E:\LEARNING\TELEDNA\THEATAR_SYSTEM\DEBUG\THEATAR_SYSTEM.PDB
E:\Learning\TeleDNA\Theatar_system\Theatar_system\Debug\cl.command.1.tlog
E:\Learning\TeleDNA\Theatar_system\Theatar_system\Debug\CL.read.1.tlog
E:\Learning\TeleDNA\Theatar_system\Theatar_system\Debug\CL.write.1.tlog
E:\Learning\TeleDNA\Theatar_system\Theatar_system\Debug\link.2240.read.1.tlog
E:\Learning\TeleDNA\Theatar_system\Theatar_system\Debug\link.2240.write.1.tlog
E:\Learning\TeleDNA\Theatar_system\Theatar_system\Debug\link.2240-cvtres.read.1.tlog
E:\Learning\TeleDNA\Theatar_system\Theatar_system\Debug\link.2240-cvtres.write.1.tlog
E:\Learning\TeleDNA\Theatar_system\Theatar_system\Debug\link.command.1.tlog
E:\Learning\TeleDNA\Theatar_system\Theatar_system\Debug\link.read.1.tlog
E:\Learning\TeleDNA\Theatar_system\Theatar_system\Debug\link.write.1.tlog
E:\Learning\TeleDNA\Theatar_system\Theatar_system\Debug\link-cvtres.read.1.tlog
E:\Learning\TeleDNA\Theatar_system\Theatar_system\Debug\link-cvtres.write.1.tlog
E:\LEARNING\TELEDNA\THEATAR_SYSTEM\THEATAR_SYSTEM\DEBUG\MAIN.OBJ
E:\Learning\TeleDNA\Theatar_system\Theatar_system\Debug\mt.command.1.tlog
E:\Learning\TeleDNA\Theatar_system\Theatar_system\Debug\mt.read.1.tlog
E:\Learning\TeleDNA\Theatar_system\Theatar_system\Debug\mt.write.1.tlog
E:\LEARNING\TELEDNA\THEATAR_SYSTEM\THEATAR_SYSTEM\DEBUG\MYEVENT.OBJ
E:\LEARNING\TELEDNA\THEATAR_SYSTEM\THEATAR_SYSTEM\DEBUG\MYEXCEPTION.OBJ
E:\LEARNING\TELEDNA\THEATAR_SYSTEM\THEATAR_SYSTEM\DEBUG\MYHOSTINFO.OBJ
E:\LEARNING\TELEDNA\THEATAR_SYSTEM\THEATAR_SYSTEM\DEBUG\MYSEMAPHORE.OBJ
E:\LEARNING\TELEDNA\THEATAR_SYSTEM\THEATAR_SYSTEM\DEBUG\MYSOCKET.OBJ
E:\LEARNING\TELEDNA\THEATAR_SYSTEM\THEATAR_SYSTEM\DEBUG\MYTHREAD.OBJ
E:\LEARNING\TELEDNA\THEATAR_SYSTEM\THEATAR_SYSTEM\DEBUG\MYTHREADARGUMENT.OBJ
E:\LEARNING\TELEDNA\THEATAR_SYSTEM\THEATAR_SYSTEM\DEBUG\PROCESSOR.OBJ
E:\Learning\TeleDNA\Theatar_system\Theatar_system\Debug\rc.command.1.tlog
E:\Learning\TeleDNA\Theatar_system\Theatar_system\Debug\rc.read.1.tlog
E:\Learning\TeleDNA\Theatar_system\Theatar_system\Debug\rc.write.1.tlog
E:\LEARNING\TELEDNA\THEATAR_SYSTEM\THEATAR_SYSTEM\DEBUG\STDAFX.OBJ
E:\LEARNING\TELEDNA\THEATAR_SYSTEM\THEATAR_SYSTEM\DEBUG\THEATAR_SYSTEM.EXE.EMBED.MANIFEST
E:\LEARNING\TELEDNA\THEATAR_SYSTEM\THEATAR_SYSTEM\DEBUG\THEATAR_SYSTEM.EXE.EMBED.MANIFEST.RES
E:\LEARNING\TELEDNA\THEATAR_SYSTEM\THEATAR_SYSTEM\DEBUG\THEATAR_SYSTEM.EXE.INTERMEDIATE.MANIFEST
E:\LEARNING\TELEDNA\THEATAR_SYSTEM\THEATAR_SYSTEM\DEBUG\THEATAR_SYSTEM.PCH
E:\Learning\TeleDNA\Theatar_system\Theatar_system\Debug\Theatar_system.write.1.tlog
E:\Learning\TeleDNA\Theatar_system\Theatar_system\Debug\Theatar_system_manifest.rc
E:\LEARNING\TELEDNA\THEATAR_SYSTEM\THEATAR_SYSTEM\DEBUG\THEATERBOOKINGENGINE.OBJ
E:\LEARNING\TELEDNA\THEATAR_SYSTEM\THEATAR_SYSTEM\DEBUG\THEATERINTERFACE.OBJ
E:\LEARNING\TELEDNA\THEATAR_SYSTEM\THEATAR_SYSTEM\DEBUG\THEATERSHOW.OBJ
E:\Learning\TeleDNA\Theatar_system\Theatar_system\Debug\vc100.idb
E:\LEARNING\TELEDNA\THEATAR_SYSTEM\THEATAR_SYSTEM\DEBUG\VC100.PDB
E:\LEARNING\TELEDNA\THEATAR_SYSTEM\THEATAR_SYSTEM\DEBUG\WINSEVERFORMULTIPLECLIENT.OBJ
